<?xml version="1.0" encoding="UTF-8"?>
<!-- Generated by org.testng.reporters.JUnitReportReporter -->
<testsuite hostname="Tannaz" failures="0" tests="1" name="boishak_TestRunner.boishak_Testrunner" time="1.600" errors="0" timestamp="2023-10-01T13:09:23 EDT" skipped="0">
  <testcase classname="boishak_TestRunner.boishak_Testrunner" name="feature" time="1.600"/>
</testsuite> <!-- boishak_TestRunner.boishak_Testrunner -->
